# JRE version: Java(TM) SE Runtime Environment (7.0_40-b43) (build 1.7.0_40-b43)
# Java VM: Java HotSpot(TM) 64-Bit Server VM (24.0-b56 mixed mode linux-amd64 compressed oops)
Heap
 PSYoungGen      total 140800K, used 7137K [0x00000000f5500000, 0x00000000fdf80000, 0x0000000100000000)
  eden space 140288K, 5% used [0x00000000f5500000,0x00000000f5bf8620,0x00000000fde00000)
  from space 512K, 0% used [0x00000000fde80000,0x00000000fde80000,0x00000000fdf00000)
  to   space 512K, 0% used [0x00000000fdf00000,0x00000000fdf00000,0x00000000fdf80000)
 ParOldGen       total 207872K, used 125029K [0x00000000e0000000, 0x00000000ecb00000, 0x00000000f5500000)
  object space 207872K, 60% used [0x00000000e0000000,0x00000000e7a196a0,0x00000000ecb00000)
 PSPermGen       total 137216K, used 136854K [0x00000000d0000000, 0x00000000d8600000, 0x00000000e0000000)
  object space 137216K, 99% used [0x00000000d0000000,0x00000000d85a5ac8,0x00000000d8600000)
GC Heap History (10 events):
Event: 138588.489 GC heap before
{Heap before GC invocations=4506 (full 2185):
 PSYoungGen      total 140800K, used 96K [0x00000000f5500000, 0x00000000fdf80000, 0x0000000100000000)
  eden space 140288K, 0% used [0x00000000f5500000,0x00000000f5500000,0x00000000fde00000)
  from space 512K, 18% used [0x00000000fde80000,0x00000000fde98000,0x00000000fdf00000)
  to   space 512K, 0% used [0x00000000fdf00000,0x00000000fdf00000,0x00000000fdf80000)
 ParOldGen       total 207872K, used 125029K [0x00000000e0000000, 0x00000000ecb00000, 0x00000000f5500000)
  object space 207872K, 60% used [0x00000000e0000000,0x00000000e7a196a0,0x00000000ecb00000)
 PSPermGen       total 137216K, used 136853K [0x00000000d0000000, 0x00000000d8600000, 0x00000000e0000000)
  object space 137216K, 99% used [0x00000000d0000000,0x00000000d85a5410,0x00000000d8600000)
Event: 138588.988 GC heap after
Heap after GC invocations=4506 (full 2185):
 PSYoungGen      total 140800K, used 0K [0x00000000f5500000, 0x00000000fdf80000, 0x0000000100000000)
  eden space 140288K, 0% used [0x00000000f5500000,0x00000000f5500000,0x00000000fde00000)
  from space 512K, 0% used [0x00000000fde80000,0x00000000fde80000,0x00000000fdf00000)
  to   space 512K, 0% used [0x00000000fdf00000,0x00000000fdf00000,0x00000000fdf80000)
 ParOldGen       total 207872K, used 125029K [0x00000000e0000000, 0x00000000ecb00000, 0x00000000f5500000)
  object space 207872K, 60% used [0x00000000e0000000,0x00000000e7a196a0,0x00000000ecb00000)
 PSPermGen       total 137216K, used 136853K [0x00000000d0000000, 0x00000000d8600000, 0x00000000e0000000)
  object space 137216K, 99% used [0x00000000d0000000,0x00000000d85a5410,0x00000000d8600000)
}
Event: 138648.990 GC heap before
{Heap before GC invocations=4507 (full 2185):
 PSYoungGen      total 140800K, used 11020K [0x00000000f5500000, 0x00000000fdf80000, 0x0000000100000000)
  eden space 140288K, 7% used [0x00000000f5500000,0x00000000f5fc30c0,0x00000000fde00000)
  from space 512K, 0% used [0x00000000fde80000,0x00000000fde80000,0x00000000fdf00000)
  to   space 512K, 0% used [0x00000000fdf00000,0x00000000fdf00000,0x00000000fdf80000)
 ParOldGen       total 207872K, used 125029K [0x00000000e0000000, 0x00000000ecb00000, 0x00000000f5500000)
  object space 207872K, 60% used [0x00000000e0000000,0x00000000e7a196a0,0x00000000ecb00000)
 PSPermGen       total 137216K, used 136853K [0x00000000d0000000, 0x00000000d8600000, 0x00000000e0000000)
  object space 137216K, 99% used [0x00000000d0000000,0x00000000d85a5410,0x00000000d8600000)
Event: 138649.003 GC heap after
Heap after GC invocations=4507 (full 2185):
 PSYoungGen      total 140800K, used 320K [0x00000000f5500000, 0x00000000fdf80000, 0x0000000100000000)
  eden space 140288K, 0% used [0x00000000f5500000,0x00000000f5500000,0x00000000fde00000)
  from space 512K, 62% used [0x00000000fdf00000,0x00000000fdf50000,0x00000000fdf80000)
  to   space 512K, 0% used [0x00000000fde80000,0x00000000fde80000,0x00000000fdf00000)
 ParOldGen       total 207872K, used 125029K [0x00000000e0000000, 0x00000000ecb00000, 0x00000000f5500000)
  object space 207872K, 60% used [0x00000000e0000000,0x00000000e7a196a0,0x00000000ecb00000)
 PSPermGen       total 137216K, used 136853K [0x00000000d0000000, 0x00000000d8600000, 0x00000000e0000000)
  object space 137216K, 99% used [0x00000000d0000000,0x00000000d85a5410,0x00000000d8600000)
}
Event: 138649.003 GC heap before
{Heap before GC invocations=4508 (full 2186):
 PSYoungGen      total 140800K, used 320K [0x00000000f5500000, 0x00000000fdf80000, 0x0000000100000000)
  eden space 140288K, 0% used [0x00000000f5500000,0x00000000f5500000,0x00000000fde00000)
  from space 512K, 62% used [0x00000000fdf00000,0x00000000fdf50000,0x00000000fdf80000)
  to   space 512K, 0% used [0x00000000fde80000,0x00000000fde80000,0x00000000fdf00000)
 ParOldGen       total 207872K, used 125029K [0x00000000e0000000, 0x00000000ecb00000, 0x00000000f5500000)
  object space 207872K, 60% used [0x00000000e0000000,0x00000000e7a196a0,0x00000000ecb00000)
 PSPermGen       total 137216K, used 136853K [0x00000000d0000000, 0x00000000d8600000, 0x00000000e0000000)
  object space 137216K, 99% used [0x00000000d0000000,0x00000000d85a5410,0x00000000d8600000)
Event: 138649.407 GC heap after
Heap after GC invocations=4508 (full 2186):
 PSYoungGen      total 140800K, used 0K [0x00000000f5500000, 0x00000000fdf80000, 0x0000000100000000)
  eden space 140288K, 0% used [0x00000000f5500000,0x00000000f5500000,0x00000000fde00000)
  from space 512K, 0% used [0x00000000fdf00000,0x00000000fdf00000,0x00000000fdf80000)
  to   space 512K, 0% used [0x00000000fde80000,0x00000000fde80000,0x00000000fdf00000)
 ParOldGen       total 207872K, used 125209K [0x00000000e0000000, 0x00000000ecb00000, 0x00000000f5500000)
  object space 207872K, 60% used [0x00000000e0000000,0x00000000e7a466a0,0x00000000ecb00000)
 PSPermGen       total 137216K, used 136853K [0x00000000d0000000, 0x00000000d8600000, 0x00000000e0000000)
  object space 137216K, 99% used [0x00000000d0000000,0x00000000d85a5410,0x00000000d8600000)
}
Event: 138708.991 GC heap before
{Heap before GC invocations=4509 (full 2186):
 PSYoungGen      total 140800K, used 3494K [0x00000000f5500000, 0x00000000fdf80000, 0x0000000100000000)
  eden space 140288K, 2% used [0x00000000f5500000,0x00000000f5869810,0x00000000fde00000)
  from space 512K, 0% used [0x00000000fdf00000,0x00000000fdf00000,0x00000000fdf80000)
  to   space 512K, 0% used [0x00000000fde80000,0x00000000fde80000,0x00000000fdf00000)
 ParOldGen       total 207872K, used 125209K [0x00000000e0000000, 0x00000000ecb00000, 0x00000000f5500000)
  object space 207872K, 60% used [0x00000000e0000000,0x00000000e7a466a0,0x00000000ecb00000)
 PSPermGen       total 137216K, used 136853K [0x00000000d0000000, 0x00000000d8600000, 0x00000000e0000000)
  object space 137216K, 99% used [0x00000000d0000000,0x00000000d85a5410,0x00000000d8600000)
Event: 138709.002 GC heap after
Heap after GC invocations=4509 (full 2186):
 PSYoungGen      total 140800K, used 32K [0x00000000f5500000, 0x00000000fdf80000, 0x0000000100000000)
  eden space 140288K, 0% used [0x00000000f5500000,0x00000000f5500000,0x00000000fde00000)
  from space 512K, 6% used [0x00000000fde80000,0x00000000fde88000,0x00000000fdf00000)
  to   space 512K, 0% used [0x00000000fdf00000,0x00000000fdf00000,0x00000000fdf80000)
 ParOldGen       total 207872K, used 125209K [0x00000000e0000000, 0x00000000ecb00000, 0x00000000f5500000)
  object space 207872K, 60% used [0x00000000e0000000,0x00000000e7a466a0,0x00000000ecb00000)
 PSPermGen       total 137216K, used 136853K [0x00000000d0000000, 0x00000000d8600000, 0x00000000e0000000)
  object space 137216K, 99% used [0x00000000d0000000,0x00000000d85a5410,0x00000000d8600000)
}
Event: 138709.002 GC heap before
{Heap before GC invocations=4510 (full 2187):
 PSYoungGen      total 140800K, used 32K [0x00000000f5500000, 0x00000000fdf80000, 0x0000000100000000)
  eden space 140288K, 0% used [0x00000000f5500000,0x00000000f5500000,0x00000000fde00000)
  from space 512K, 6% used [0x00000000fde80000,0x00000000fde88000,0x00000000fdf00000)
  to   space 512K, 0% used [0x00000000fdf00000,0x00000000fdf00000,0x00000000fdf80000)
 ParOldGen       total 207872K, used 125209K [0x00000000e0000000, 0x00000000ecb00000, 0x00000000f5500000)
  object space 207872K, 60% used [0x00000000e0000000,0x00000000e7a466a0,0x00000000ecb00000)
 PSPermGen       total 137216K, used 136853K [0x00000000d0000000, 0x00000000d8600000, 0x00000000e0000000)
  object space 137216K, 99% used [0x00000000d0000000,0x00000000d85a5410,0x00000000d8600000)
Event: 138709.424 GC heap after
Heap after GC invocations=4510 (full 2187):
 PSYoungGen      total 140800K, used 0K [0x00000000f5500000, 0x00000000fdf80000, 0x0000000100000000)
  eden space 140288K, 0% used [0x00000000f5500000,0x00000000f5500000,0x00000000fde00000)
  from space 512K, 0% used [0x00000000fde80000,0x00000000fde80000,0x00000000fdf00000)
  to   space 512K, 0% used [0x00000000fdf00000,0x00000000fdf00000,0x00000000fdf80000)
 ParOldGen       total 207872K, used 125029K [0x00000000e0000000, 0x00000000ecb00000, 0x00000000f5500000)
  object space 207872K, 60% used [0x00000000e0000000,0x00000000e7a196a0,0x00000000ecb00000)
 PSPermGen       total 137216K, used 136853K [0x00000000d0000000, 0x00000000d8600000, 0x00000000e0000000)
  object space 137216K, 99% used [0x00000000d0000000,0x00000000d85a5410,0x00000000d8600000)
}

